Using pre-set license

 COMMAND LINE ARGUMENTS:
/Applications/Unity/Hub/Editor/2020.3.0f1/Unity.app/Contents/MacOS/Unity
-adb2
-batchMode
-noUpm
-name
AssetImportWorker0
-projectPath
/Users/maxwalley/Documents/Personal_Projects/VR_Theremin/VR_Theremin
-logFile
Logs/AssetImportWorker0.log
-srvPort
50400
Successfully changed project path to: /Users/maxwalley/Documents/Personal_Projects/VR_Theremin/VR_Theremin
/Users/maxwalley/Documents/Personal_Projects/VR_Theremin/VR_Theremin
Using Asset Import Pipeline V2.
Refreshing native plugins compatible for Editor in 41.35 ms, found 1 plugins.
Preloading 0 native plugins for Editor in 0.00 ms.
Initialize engine version: 2020.3.0f1 (c7b5465681fb)
[Subsystems] Discovering subsystems at path /Applications/Unity/Hub/Editor/2020.3.0f1/Unity.app/Contents/Resources/UnitySubsystems
[Subsystems] Discovering subsystems at path /Users/maxwalley/Documents/Personal_Projects/VR_Theremin/VR_Theremin/Assets
GfxDevice: creating device client; threaded=0
2021-06-26 11:58:01.597 Unity[5646:66870] (null) preferred device: Apple M1 (high power)
2021-06-26 11:58:01.597 Unity[5646:66870] Metal devices available: 1
2021-06-26 11:58:01.597 Unity[5646:66870] 0: Apple M1 (high power)
2021-06-26 11:58:01.598 Unity[5646:66870] Using device Apple M1 (high power)
Initializing Metal device caps: Apple M1
Initialize mono
Mono path[0] = '/Applications/Unity/Hub/Editor/2020.3.0f1/Unity.app/Contents/Managed'
Mono path[1] = '/Applications/Unity/Hub/Editor/2020.3.0f1/Unity.app/Contents/MonoBleedingEdge/lib/mono/unityjit'
Mono config path = '/Applications/Unity/Hub/Editor/2020.3.0f1/Unity.app/Contents/MonoBleedingEdge/etc'
Using monoOptions --debugger-agent=transport=dt_socket,embedding=1,server=y,suspend=n,address=127.0.0.1:56646
Begin MonoManager ReloadAssembly
Registering precompiled unity dll's ...
Register platform support module: /Applications/Unity/Hub/Editor/2020.3.0f1/Unity.app/Contents/PlaybackEngines/MacStandaloneSupport/UnityEditor.OSXStandalone.Extensions.dll
Registered in 0.000413 seconds.
Native extension for OSXStandalone target not found
Refreshing native plugins compatible for Editor in 47.71 ms, found 1 plugins.
Preloading 0 native plugins for Editor in 0.00 ms.
Invoked RoslynAnalysisRunner static constructor.
RoslynAnalysisRunner will not be running.
RoslynAnalysisRunner has terminated.
Mono: successfully reloaded assembly
- Completed reload, in  3.740 seconds
Platform modules already initialized, skipping
Registering precompiled user dll's ...
Registered in 0.001403 seconds.
Begin MonoManager ReloadAssembly
Native extension for OSXStandalone target not found
Refreshing native plugins compatible for Editor in 40.68 ms, found 1 plugins.
Preloading 0 native plugins for Editor in 0.00 ms.
Invoked RoslynAnalysisRunner static constructor.
RoslynAnalysisRunner will not be running.
RoslynAnalysisRunner has terminated.
Mono: successfully reloaded assembly
- Completed reload, in  2.175 seconds
Platform modules already initialized, skipping
========================================================================
Worker process is ready to serve import requests
Shader 'Universal Render Pipeline/Particles/Lit': fallback shader 'Universal Render Pipeline/Particles/SimpleLit' not found
Shader 'Universal Render Pipeline/Particles/Lit': fallback shader 'Universal Render Pipeline/Particles/SimpleLit' not found
Launching external process: /Applications/Unity/Hub/Editor/2020.3.0f1/Unity.app/Contents/Tools/UnityShaderCompiler
Launched and connected shader compiler UnityShaderCompiler after 0.03 seconds
Refreshing native plugins compatible for Editor in 0.44 ms, found 1 plugins.
Preloading 0 native plugins for Editor in 0.00 ms.
Unloading 2416 Unused Serialized files (Serialized files now loaded: 0)
System memory in use before: 172.4 MB.
System memory in use after: 170.0 MB.

Unloading 46 unused Assets to reduce memory usage. Loaded Objects now: 2820.
Total: 3.058458 ms (FindLiveObjects: 0.299167 ms CreateObjectMapping: 0.053750 ms MarkObjects: 1.295292 ms  DeleteObjects: 1.408333 ms)

========================================================================
Received Import Request.
  path: Assets/Readme.asset
  artifactKey: Guid(83c2ed844a8c74b779a4c823d16594b1) Importer(815301076,1909f56bfc062723c751e8b465ee728b)
Start importing Assets/Readme.asset using Guid(83c2ed844a8c74b779a4c823d16594b1) Importer(815301076,1909f56bfc062723c751e8b465ee728b)  -> (artifact id: '565fba1a13f97c68b9c7f204361b9afd') in 0.767063 seconds
  Import took 0.771347 seconds .

========================================================================
Received Import Request.
  Time since last request: 271.838890 seconds.
  path: Assets/Scenes
  artifactKey: Guid(2071f45a198dc4c6a875475ecbf6388d) Importer(815301076,1909f56bfc062723c751e8b465ee728b)
Start importing Assets/Scenes using Guid(2071f45a198dc4c6a875475ecbf6388d) Importer(815301076,1909f56bfc062723c751e8b465ee728b)  -> (artifact id: '5bfab5fa84277d62564650e3a3588095') in 0.000718 seconds
  Import took 0.003698 seconds .

========================================================================
Received Import Request.
  Time since last request: 0.028040 seconds.
  path: Assets/Scenes
  artifactKey: Guid(2071f45a198dc4c6a875475ecbf6388d) Importer(815301076,1909f56bfc062723c751e8b465ee728b)
Start importing Assets/Scenes using Guid(2071f45a198dc4c6a875475ecbf6388d) Importer(815301076,1909f56bfc062723c751e8b465ee728b)  -> (artifact id: '5bfab5fa84277d62564650e3a3588095') in 0.000647 seconds
  Import took 0.003928 seconds .

========================================================================
Received Import Request.
  Time since last request: 2.114581 seconds.
  path: Assets/Scenes/SampleSceneLightingSettings.lighting
  artifactKey: Guid(477cc4148fad3449482a3bc3178594e2) Importer(815301076,1909f56bfc062723c751e8b465ee728b)
Start importing Assets/Scenes/SampleSceneLightingSettings.lighting using Guid(477cc4148fad3449482a3bc3178594e2) Importer(815301076,1909f56bfc062723c751e8b465ee728b)  -> (artifact id: '8536f971d5a3aa486b8ee60509c5e5d5') in 0.174162 seconds
  Import took 0.178074 seconds .

========================================================================
Received Import Request.
  Time since last request: 33.344051 seconds.
  path: Assets/Scenes/MainScene.unity
  artifactKey: Guid(6067fc4f50b714339bab6af999beaf0c) Importer(815301076,1909f56bfc062723c751e8b465ee728b)
Start importing Assets/Scenes/MainScene.unity using Guid(6067fc4f50b714339bab6af999beaf0c) Importer(815301076,1909f56bfc062723c751e8b465ee728b)  -> (artifact id: '247d9405b49a925da1591b0df638250f') in 0.001651 seconds
  Import took 0.004543 seconds .

========================================================================
Received Import Request.
  Time since last request: 0.001273 seconds.
  path: Assets/Scenes/MainScene.unity
  artifactKey: Guid(6067fc4f50b714339bab6af999beaf0c) Importer(815301076,1909f56bfc062723c751e8b465ee728b)
Start importing Assets/Scenes/MainScene.unity using Guid(6067fc4f50b714339bab6af999beaf0c) Importer(815301076,1909f56bfc062723c751e8b465ee728b)  -> (artifact id: '247d9405b49a925da1591b0df638250f') in 0.001477 seconds
  Import took 0.004330 seconds .

========================================================================
Received Prepare
Registering precompiled user dll's ...
Registered in 0.000635 seconds.
Begin MonoManager ReloadAssembly
Native extension for OSXStandalone target not found
Refreshing native plugins compatible for Editor in 44.83 ms, found 1 plugins.
Preloading 0 native plugins for Editor in 0.00 ms.
Invoked RoslynAnalysisRunner static constructor.
RoslynAnalysisRunner will not be running.
RoslynAnalysisRunner has terminated.
Mono: successfully reloaded assembly
- Completed reload, in  1.942 seconds
Platform modules already initialized, skipping
Shader 'Universal Render Pipeline/Particles/Lit': fallback shader 'Universal Render Pipeline/Particles/SimpleLit' not found
Shader 'Universal Render Pipeline/Particles/Lit': fallback shader 'Universal Render Pipeline/Particles/SimpleLit' not found
Refreshing native plugins compatible for Editor in 0.35 ms, found 1 plugins.
Preloading 0 native plugins for Editor in 0.00 ms.
Unloading 2767 Unused Serialized files (Serialized files now loaded: 0)
System memory in use before: 197.2 MB.
System memory in use after: 194.8 MB.

Unloading 41 unused Assets to reduce memory usage. Loaded Objects now: 3249.
Total: 2.863875 ms (FindLiveObjects: 0.165208 ms CreateObjectMapping: 0.060250 ms MarkObjects: 1.444333 ms  DeleteObjects: 1.193167 ms)

========================================================================
Received Prepare
Registering precompiled user dll's ...
Registered in 0.000632 seconds.
Begin MonoManager ReloadAssembly
Native extension for OSXStandalone target not found
Refreshing native plugins compatible for Editor in 0.40 ms, found 1 plugins.
Preloading 0 native plugins for Editor in 0.00 ms.
Invoked RoslynAnalysisRunner static constructor.
RoslynAnalysisRunner will not be running.
RoslynAnalysisRunner has terminated.
Mono: successfully reloaded assembly
- Completed reload, in  1.935 seconds
Platform modules already initialized, skipping
Shader 'Universal Render Pipeline/Particles/Lit': fallback shader 'Universal Render Pipeline/Particles/SimpleLit' not found
Shader 'Universal Render Pipeline/Particles/Lit': fallback shader 'Universal Render Pipeline/Particles/SimpleLit' not found
Refreshing native plugins compatible for Editor in 0.37 ms, found 1 plugins.
Preloading 0 native plugins for Editor in 0.00 ms.
Unloading 2796 Unused Serialized files (Serialized files now loaded: 0)
System memory in use before: 198.8 MB.
System memory in use after: 196.5 MB.

Unloading 41 unused Assets to reduce memory usage. Loaded Objects now: 3281.
Total: 2.830208 ms (FindLiveObjects: 0.200125 ms CreateObjectMapping: 0.062416 ms MarkObjects: 1.273667 ms  DeleteObjects: 1.292958 ms)

========================================================================
Received Prepare
Registering precompiled user dll's ...
Registered in 0.000681 seconds.
Begin MonoManager ReloadAssembly
Native extension for OSXStandalone target not found
Refreshing native plugins compatible for Editor in 0.43 ms, found 1 plugins.
Preloading 0 native plugins for Editor in 0.00 ms.
Invoked RoslynAnalysisRunner static constructor.
RoslynAnalysisRunner will not be running.
RoslynAnalysisRunner has terminated.
Mono: successfully reloaded assembly
- Completed reload, in  1.982 seconds
Platform modules already initialized, skipping
Shader 'Universal Render Pipeline/Particles/Lit': fallback shader 'Universal Render Pipeline/Particles/SimpleLit' not found
Shader 'Universal Render Pipeline/Particles/Lit': fallback shader 'Universal Render Pipeline/Particles/SimpleLit' not found
Refreshing native plugins compatible for Editor in 0.38 ms, found 1 plugins.
Preloading 0 native plugins for Editor in 0.00 ms.
Unloading 2855 Unused Serialized files (Serialized files now loaded: 0)
System memory in use before: 201.7 MB.
System memory in use after: 199.3 MB.

Unloading 41 unused Assets to reduce memory usage. Loaded Objects now: 3344.
Total: 2.820375 ms (FindLiveObjects: 0.196125 ms CreateObjectMapping: 0.062500 ms MarkObjects: 1.316000 ms  DeleteObjects: 1.244750 ms)

========================================================================
Received Import Request.
  Time since last request: 1012.141251 seconds.
  path: Assets/Scenes/SampleScene.unity
  artifactKey: Guid(d1c3109bdb54ad54c8a2b2838528e640) Importer(815301076,1909f56bfc062723c751e8b465ee728b)
Start importing Assets/Scenes/SampleScene.unity using Guid(d1c3109bdb54ad54c8a2b2838528e640) Importer(815301076,1909f56bfc062723c751e8b465ee728b)  -> (artifact id: '3c0d36382bdc373bd0a05e5cf1e6e15c') in 0.021281 seconds
  Import took 0.025480 seconds .

========================================================================
Received Import Request.
  Time since last request: 277.068532 seconds.
  path: Assets/Materials/Skybox_Mat.mat
  artifactKey: Guid(0ffaa0b7117ba8c47a9d05ae701d4b4d) Importer(815301076,1909f56bfc062723c751e8b465ee728b)
Start importing Assets/Materials/Skybox_Mat.mat using Guid(0ffaa0b7117ba8c47a9d05ae701d4b4d) Importer(815301076,1909f56bfc062723c751e8b465ee728b)  -> (artifact id: '4f9a9e0fc9f45c3be03cde846d2acd1d') in 0.726390 seconds
  Import took 0.731121 seconds .

========================================================================
Received Import Request.
  Time since last request: 10.524634 seconds.
  path: Assets/Materials/Black.mat
  artifactKey: Guid(5ab7d2a9412a2446992b5c73d4ee41a9) Importer(815301076,1909f56bfc062723c751e8b465ee728b)
Start importing Assets/Materials/Black.mat using Guid(5ab7d2a9412a2446992b5c73d4ee41a9) Importer(815301076,1909f56bfc062723c751e8b465ee728b)  -> (artifact id: '9832117853d5d5afede1da4f24ee7124') in 0.094083 seconds
  Import took 0.098056 seconds .

========================================================================
Received Import Request.
  Time since last request: 612.360087 seconds.
  path: Assets/Presets/AudioCompressedInMemory.preset
  artifactKey: Guid(2dd802e4d37c65149922028d3e973832) Importer(815301076,1909f56bfc062723c751e8b465ee728b)
Start importing Assets/Presets/AudioCompressedInMemory.preset using Guid(2dd802e4d37c65149922028d3e973832) Importer(815301076,1909f56bfc062723c751e8b465ee728b)  -> (artifact id: '95ec6fed0774f5e64b6ce4b31e16d570') in 0.091251 seconds
  Import took 0.096297 seconds .

========================================================================
Received Import Request.
  Time since last request: 0.000316 seconds.
  path: Assets/Presets/AudioStreaming.preset
  artifactKey: Guid(86bcce7f5575b54408aa0f3a7d321039) Importer(815301076,1909f56bfc062723c751e8b465ee728b)
Start importing Assets/Presets/AudioStreaming.preset using Guid(86bcce7f5575b54408aa0f3a7d321039) Importer(815301076,1909f56bfc062723c751e8b465ee728b)  -> (artifact id: 'c7444590a50b1c9fa488397906957b72') in 0.001610 seconds
  Import took 0.004651 seconds .

========================================================================
Received Import Request.
  Time since last request: 0.000197 seconds.
  path: Assets/Presets/NormalTexture.preset
  artifactKey: Guid(14a57cf3b9fa1c74b884aa7e0dcf1faa) Importer(815301076,1909f56bfc062723c751e8b465ee728b)
Start importing Assets/Presets/NormalTexture.preset using Guid(14a57cf3b9fa1c74b884aa7e0dcf1faa) Importer(815301076,1909f56bfc062723c751e8b465ee728b)  -> (artifact id: '6d0b0e3120363b139a592725545f3c58') in 0.003110 seconds
  Import took 0.006780 seconds .

========================================================================
Received Import Request.
  Time since last request: 0.000304 seconds.
  path: Assets/Presets/UtilityTexture.preset
  artifactKey: Guid(45f7b2e3c78185248b3adbb14429c2ab) Importer(815301076,1909f56bfc062723c751e8b465ee728b)
Start importing Assets/Presets/UtilityTexture.preset using Guid(45f7b2e3c78185248b3adbb14429c2ab) Importer(815301076,1909f56bfc062723c751e8b465ee728b)  -> (artifact id: 'fb53b29882482ae1fd7c30687a018437') in 0.002572 seconds
  Import took 0.006137 seconds .

========================================================================
Received Import Request.
  Time since last request: 10.180885 seconds.
  path: Assets/Prefabs
  artifactKey: Guid(a169102eb773048f79d17c93494db61b) Importer(815301076,1909f56bfc062723c751e8b465ee728b)
Start importing Assets/Prefabs using Guid(a169102eb773048f79d17c93494db61b) Importer(815301076,1909f56bfc062723c751e8b465ee728b)  -> (artifact id: '0f7e51057bfc7d135780510bc33e85d0') in 0.001247 seconds
  Import took 0.005328 seconds .

========================================================================
Received Import Request.
  Time since last request: 74.024841 seconds.
  path: Assets/Materials
  artifactKey: Guid(d0234ba368eeec9418390da711bfdad0) Importer(815301076,1909f56bfc062723c751e8b465ee728b)
Start importing Assets/Materials using Guid(d0234ba368eeec9418390da711bfdad0) Importer(815301076,1909f56bfc062723c751e8b465ee728b)  -> (artifact id: 'af3059645bf3517e3864836cb7870e83') in 0.001264 seconds
  Import took 0.008184 seconds .

========================================================================
Received Import Request.
  Time since last request: 18.388752 seconds.
  path: Assets/Materials/Black.mat
  artifactKey: Guid(5ab7d2a9412a2446992b5c73d4ee41a9) Importer(815301076,1909f56bfc062723c751e8b465ee728b)
Start importing Assets/Materials/Black.mat using Guid(5ab7d2a9412a2446992b5c73d4ee41a9) Importer(815301076,1909f56bfc062723c751e8b465ee728b)  -> (artifact id: 'c88f1832f424a3c7cfdf65e997b3e99b') in 0.013429 seconds
  Import took 0.017847 seconds .

========================================================================
Received Import Request.
  Time since last request: 0.000334 seconds.
  path: Assets/Materials/White.mat
  artifactKey: Guid(dd113eae2d2ca47bb9533afc2cc1350e) Importer(815301076,1909f56bfc062723c751e8b465ee728b)
Start importing Assets/Materials/White.mat using Guid(dd113eae2d2ca47bb9533afc2cc1350e) Importer(815301076,1909f56bfc062723c751e8b465ee728b)  -> (artifact id: 'ea1adb3b81da2922484468d5d514242f') in 0.008706 seconds
  Import took 0.013093 seconds .

========================================================================
Received Import Request.
  Time since last request: 30.560499 seconds.
  path: Assets/Prefabs/Cube.prefab
  artifactKey: Guid(77471eee8abd9472d92dfe725138418d) Importer(815301076,1909f56bfc062723c751e8b465ee728b)
Start importing Assets/Prefabs/Cube.prefab using Guid(77471eee8abd9472d92dfe725138418d) Importer(815301076,1909f56bfc062723c751e8b465ee728b)  -> (artifact id: '81b712dded1f714a2261282755db1381') in 0.127231 seconds
  Import took 0.131301 seconds .

